{"D:\\YMainProject\\froentend\\src\\component\\Admin\\AdminHeader.js": {"path":"D:\\YMainProject\\froentend\\src\\component\\Admin\\AdminHeader.js","statementMap":{"0":{"start":{"line":18,"column":17},"end":{"line":18,"column":30}},"1":{"start":{"line":19,"column":16},"end":{"line":19,"column":28}},"2":{"start":{"line":20,"column":17},"end":{"line":26,"column":3}},"3":{"start":{"line":21,"column":4},"end":{"line":21,"column":37}},"4":{"start":{"line":23,"column":4},"end":{"line":23,"column":27}},"5":{"start":{"line":25,"column":4},"end":{"line":25,"column":29}},"6":{"start":{"line":27,"column":2},"end":{"line":66,"column":3}},"7":{"start":{"line":38,"column":12},"end":{"line":61,"column":13}}},"fnMap":{"0":{"name":"AdminHeader","decl":{"start":{"line":17,"column":24},"end":{"line":17,"column":35}},"loc":{"start":{"line":17,"column":38},"end":{"line":67,"column":1}},"line":17},"1":{"name":"(anonymous_1)","decl":{"start":{"line":20,"column":17},"end":{"line":20,"column":18}},"loc":{"start":{"line":20,"column":23},"end":{"line":26,"column":3}},"line":20},"2":{"name":"(anonymous_2)","decl":{"start":{"line":37,"column":11},"end":{"line":37,"column":12}},"loc":{"start":{"line":38,"column":12},"end":{"line":61,"column":13}},"line":38}},"branchMap":{"0":{"loc":{"start":{"line":38,"column":12},"end":{"line":61,"column":13}},"type":"cond-expr","locations":[{"start":{"line":39,"column":14},"end":{"line":54,"column":16}},{"start":{"line":56,"column":14},"end":{"line":60,"column":20}}],"line":38}},"s":{"0":0,"1":0,"2":0,"3":0,"4":0,"5":0,"6":0,"7":0},"f":{"0":0,"1":0,"2":0},"b":{"0":[0,0]}}
,"D:\\YMainProject\\froentend\\src\\component\\Admin\\FullNews.js": {"path":"D:\\YMainProject\\froentend\\src\\component\\Admin\\FullNews.js","statementMap":{"0":{"start":{"line":29,"column":24},"end":{"line":134,"column":1}},"1":{"start":{"line":30,"column":16},"end":{"line":30,"column":28}},"2":{"start":{"line":31,"column":11},"end":{"line":31,"column":22}},"3":{"start":{"line":32,"column":26},"end":{"line":32,"column":36}},"4":{"start":{"line":33,"column":15},"end":{"line":33,"column":44}},"5":{"start":{"line":37,"column":2},"end":{"line":42,"column":8}},"6":{"start":{"line":39,"column":6},"end":{"line":39,"column":56}},"7":{"start":{"line":39,"column":40},"end":{"line":39,"column":55}},"8":{"start":{"line":41,"column":4},"end":{"line":41,"column":10}},"9":{"start":{"line":45,"column":4},"end":{"line":62,"column":6}},"10":{"start":{"line":52,"column":12},"end":{"line":52,"column":28}},"11":{"start":{"line":58,"column":12},"end":{"line":58,"column":30}},"12":{"start":{"line":64,"column":25},"end":{"line":68,"column":3}},"13":{"start":{"line":65,"column":23},"end":{"line":65,"column":25}},"14":{"start":{"line":66,"column":4},"end":{"line":66,"column":30}},"15":{"start":{"line":67,"column":4},"end":{"line":67,"column":21}},"16":{"start":{"line":70,"column":27},"end":{"line":72,"column":3}},"17":{"start":{"line":71,"column":4},"end":{"line":71,"column":35}},"18":{"start":{"line":74,"column":2},"end":{"line":133,"column":3}},"19":{"start":{"line":106,"column":29},"end":{"line":106,"column":38}},"20":{"start":{"line":118,"column":16},"end":{"line":127,"column":24}}},"fnMap":{"0":{"name":"(anonymous_0)","decl":{"start":{"line":29,"column":24},"end":{"line":29,"column":25}},"loc":{"start":{"line":29,"column":30},"end":{"line":134,"column":1}},"line":29},"1":{"name":"(anonymous_1)","decl":{"start":{"line":37,"column":12},"end":{"line":37,"column":13}},"loc":{"start":{"line":37,"column":18},"end":{"line":42,"column":3}},"line":37},"2":{"name":"news","decl":{"start":{"line":38,"column":19},"end":{"line":38,"column":23}},"loc":{"start":{"line":38,"column":26},"end":{"line":40,"column":5}},"line":38},"3":{"name":"(anonymous_3)","decl":{"start":{"line":39,"column":28},"end":{"line":39,"column":29}},"loc":{"start":{"line":39,"column":40},"end":{"line":39,"column":55}},"line":39},"4":{"name":"confirm","decl":{"start":{"line":44,"column":11},"end":{"line":44,"column":18}},"loc":{"start":{"line":44,"column":21},"end":{"line":63,"column":3}},"line":44},"5":{"name":"(anonymous_5)","decl":{"start":{"line":51,"column":19},"end":{"line":51,"column":20}},"loc":{"start":{"line":51,"column":25},"end":{"line":53,"column":11}},"line":51},"6":{"name":"(anonymous_6)","decl":{"start":{"line":57,"column":19},"end":{"line":57,"column":20}},"loc":{"start":{"line":57,"column":25},"end":{"line":59,"column":11}},"line":57},"7":{"name":"(anonymous_7)","decl":{"start":{"line":64,"column":25},"end":{"line":64,"column":26}},"loc":{"start":{"line":64,"column":37},"end":{"line":68,"column":3}},"line":64},"8":{"name":"(anonymous_8)","decl":{"start":{"line":70,"column":27},"end":{"line":70,"column":28}},"loc":{"start":{"line":70,"column":39},"end":{"line":72,"column":3}},"line":70},"9":{"name":"(anonymous_9)","decl":{"start":{"line":106,"column":23},"end":{"line":106,"column":24}},"loc":{"start":{"line":106,"column":29},"end":{"line":106,"column":38}},"line":106},"10":{"name":"(anonymous_10)","decl":{"start":{"line":117,"column":30},"end":{"line":117,"column":31}},"loc":{"start":{"line":118,"column":16},"end":{"line":127,"column":24}},"line":118}},"branchMap":{"0":{"loc":{"start":{"line":75,"column":19},"end":{"line":75,"column":54}},"type":"cond-expr","locations":[{"start":{"line":75,"column":38},"end":{"line":75,"column":45}},{"start":{"line":75,"column":48},"end":{"line":75,"column":54}}],"line":75},"1":{"loc":{"start":{"line":93,"column":15},"end":{"line":93,"column":37}},"type":"binary-expr","locations":[{"start":{"line":93,"column":15},"end":{"line":93,"column":19}},{"start":{"line":93,"column":23},"end":{"line":93,"column":37}}],"line":93},"2":{"loc":{"start":{"line":96,"column":32},"end":{"line":96,"column":50}},"type":"binary-expr","locations":[{"start":{"line":96,"column":32},"end":{"line":96,"column":36}},{"start":{"line":96,"column":40},"end":{"line":96,"column":50}}],"line":96},"3":{"loc":{"start":{"line":99,"column":17},"end":{"line":99,"column":51}},"type":"binary-expr","locations":[{"start":{"line":99,"column":17},"end":{"line":99,"column":21}},{"start":{"line":99,"column":25},"end":{"line":99,"column":51}}],"line":99},"4":{"loc":{"start":{"line":116,"column":13},"end":{"line":128,"column":16}},"type":"binary-expr","locations":[{"start":{"line":116,"column":13},"end":{"line":116,"column":17}},{"start":{"line":117,"column":14},"end":{"line":128,"column":16}}],"line":116}},"s":{"0":1,"1":2,"2":1,"3":1,"4":1,"5":1,"6":1,"7":0,"8":1,"9":0,"10":0,"11":0,"12":1,"13":0,"14":0,"15":0,"16":1,"17":0,"18":1,"19":0,"20":0},"f":{"0":2,"1":1,"2":1,"3":0,"4":0,"5":0,"6":0,"7":0,"8":0,"9":0,"10":0},"b":{"0":[1,0],"1":[1,0],"2":[1,0],"3":[1,0],"4":[1,0]},"_coverageSchema":"1a1c01bbd47fc00a2c39e90264f33305004495a9","hash":"85c4b7cb4c5902b435edf7c4948587cc23c84e99"}
,"D:\\YMainProject\\froentend\\src\\component\\Admin\\MostReadNewsStat.js": {"path":"D:\\YMainProject\\froentend\\src\\component\\Admin\\MostReadNewsStat.js","statementMap":{"0":{"start":{"line":18,"column":32},"end":{"line":60,"column":1}},"1":{"start":{"line":19,"column":26},"end":{"line":19,"column":36}},"2":{"start":{"line":20,"column":15},"end":{"line":20,"column":44}},"3":{"start":{"line":21,"column":2},"end":{"line":26,"column":8}},"4":{"start":{"line":23,"column":6},"end":{"line":23,"column":59}},"5":{"start":{"line":23,"column":43},"end":{"line":23,"column":58}},"6":{"start":{"line":25,"column":4},"end":{"line":25,"column":18}},"7":{"start":{"line":28,"column":2},"end":{"line":59,"column":3}},"8":{"start":{"line":39,"column":52},"end":{"line":39,"column":65}},"9":{"start":{"line":43,"column":54},"end":{"line":43,"column":63}}},"fnMap":{"0":{"name":"(anonymous_0)","decl":{"start":{"line":18,"column":32},"end":{"line":18,"column":33}},"loc":{"start":{"line":18,"column":38},"end":{"line":60,"column":1}},"line":18},"1":{"name":"(anonymous_1)","decl":{"start":{"line":21,"column":12},"end":{"line":21,"column":13}},"loc":{"start":{"line":21,"column":18},"end":{"line":26,"column":3}},"line":21},"2":{"name":"retrieveNews","decl":{"start":{"line":22,"column":19},"end":{"line":22,"column":31}},"loc":{"start":{"line":22,"column":34},"end":{"line":24,"column":5}},"line":22},"3":{"name":"(anonymous_3)","decl":{"start":{"line":23,"column":31},"end":{"line":23,"column":32}},"loc":{"start":{"line":23,"column":43},"end":{"line":23,"column":58}},"line":23},"4":{"name":"(anonymous_4)","decl":{"start":{"line":39,"column":43},"end":{"line":39,"column":44}},"loc":{"start":{"line":39,"column":52},"end":{"line":39,"column":65}},"line":39},"5":{"name":"(anonymous_5)","decl":{"start":{"line":43,"column":45},"end":{"line":43,"column":46}},"loc":{"start":{"line":43,"column":54},"end":{"line":43,"column":63}},"line":43}},"branchMap":{"0":{"loc":{"start":{"line":31,"column":23},"end":{"line":31,"column":58}},"type":"cond-expr","locations":[{"start":{"line":31,"column":42},"end":{"line":31,"column":49}},{"start":{"line":31,"column":52},"end":{"line":31,"column":58}}],"line":31},"1":{"loc":{"start":{"line":39,"column":26},"end":{"line":39,"column":66}},"type":"binary-expr","locations":[{"start":{"line":39,"column":26},"end":{"line":39,"column":30}},{"start":{"line":39,"column":34},"end":{"line":39,"column":66}}],"line":39},"2":{"loc":{"start":{"line":43,"column":28},"end":{"line":43,"column":64}},"type":"binary-expr","locations":[{"start":{"line":43,"column":28},"end":{"line":43,"column":32}},{"start":{"line":43,"column":36},"end":{"line":43,"column":64}}],"line":43}},"s":{"0":1,"1":1,"2":1,"3":1,"4":1,"5":0,"6":1,"7":1,"8":0,"9":0},"f":{"0":1,"1":1,"2":1,"3":0,"4":0,"5":0},"b":{"0":[1,0],"1":[1,0],"2":[1,0]},"_coverageSchema":"1a1c01bbd47fc00a2c39e90264f33305004495a9","hash":"090c84bb476c168dbcc309745b3b72d0a7e8ebbb"}
,"D:\\YMainProject\\froentend\\src\\component\\Admin\\UserRequests.js": {"path":"D:\\YMainProject\\froentend\\src\\component\\Admin\\UserRequests.js","statementMap":{"0":{"start":{"line":26,"column":28},"end":{"line":152,"column":1}},"1":{"start":{"line":27,"column":28},"end":{"line":27,"column":38}},"2":{"start":{"line":28,"column":15},"end":{"line":28,"column":44}},"3":{"start":{"line":30,"column":2},"end":{"line":35,"column":8}},"4":{"start":{"line":32,"column":6},"end":{"line":32,"column":55}},"5":{"start":{"line":32,"column":38},"end":{"line":32,"column":54}},"6":{"start":{"line":34,"column":4},"end":{"line":34,"column":11}},"7":{"start":{"line":38,"column":16},"end":{"line":38,"column":18}},"8":{"start":{"line":39,"column":4},"end":{"line":56,"column":6}},"9":{"start":{"line":46,"column":12},"end":{"line":46,"column":29}},"10":{"start":{"line":52,"column":12},"end":{"line":52,"column":26}},"11":{"start":{"line":59,"column":25},"end":{"line":63,"column":3}},"12":{"start":{"line":60,"column":15},"end":{"line":60,"column":49}},"13":{"start":{"line":61,"column":4},"end":{"line":61,"column":22}},"14":{"start":{"line":62,"column":4},"end":{"line":62,"column":53}},"15":{"start":{"line":62,"column":36},"end":{"line":62,"column":52}},"16":{"start":{"line":65,"column":21},"end":{"line":69,"column":3}},"17":{"start":{"line":66,"column":23},"end":{"line":66,"column":34}},"18":{"start":{"line":67,"column":4},"end":{"line":67,"column":30}},"19":{"start":{"line":68,"column":4},"end":{"line":68,"column":53}},"20":{"start":{"line":68,"column":36},"end":{"line":68,"column":52}},"21":{"start":{"line":71,"column":23},"end":{"line":73,"column":3}},"22":{"start":{"line":72,"column":4},"end":{"line":72,"column":53}},"23":{"start":{"line":72,"column":36},"end":{"line":72,"column":52}},"24":{"start":{"line":75,"column":2},"end":{"line":151,"column":3}},"25":{"start":{"line":120,"column":22},"end":{"line":142,"column":33}},"26":{"start":{"line":130,"column":43},"end":{"line":130,"column":72}},"27":{"start":{"line":139,"column":43},"end":{"line":139,"column":65}}},"fnMap":{"0":{"name":"(anonymous_0)","decl":{"start":{"line":26,"column":28},"end":{"line":26,"column":29}},"loc":{"start":{"line":26,"column":34},"end":{"line":152,"column":1}},"line":26},"1":{"name":"(anonymous_1)","decl":{"start":{"line":30,"column":12},"end":{"line":30,"column":13}},"loc":{"start":{"line":30,"column":18},"end":{"line":35,"column":3}},"line":30},"2":{"name":"users","decl":{"start":{"line":31,"column":19},"end":{"line":31,"column":24}},"loc":{"start":{"line":31,"column":27},"end":{"line":33,"column":5}},"line":31},"3":{"name":"(anonymous_3)","decl":{"start":{"line":32,"column":26},"end":{"line":32,"column":27}},"loc":{"start":{"line":32,"column":38},"end":{"line":32,"column":54}},"line":32},"4":{"name":"confirm","decl":{"start":{"line":37,"column":11},"end":{"line":37,"column":18}},"loc":{"start":{"line":37,"column":23},"end":{"line":57,"column":3}},"line":37},"5":{"name":"(anonymous_5)","decl":{"start":{"line":45,"column":19},"end":{"line":45,"column":20}},"loc":{"start":{"line":45,"column":25},"end":{"line":47,"column":11}},"line":45},"6":{"name":"(anonymous_6)","decl":{"start":{"line":51,"column":19},"end":{"line":51,"column":20}},"loc":{"start":{"line":51,"column":25},"end":{"line":53,"column":11}},"line":51},"7":{"name":"(anonymous_7)","decl":{"start":{"line":59,"column":25},"end":{"line":59,"column":26}},"loc":{"start":{"line":59,"column":40},"end":{"line":63,"column":3}},"line":59},"8":{"name":"(anonymous_8)","decl":{"start":{"line":62,"column":24},"end":{"line":62,"column":25}},"loc":{"start":{"line":62,"column":36},"end":{"line":62,"column":52}},"line":62},"9":{"name":"(anonymous_9)","decl":{"start":{"line":65,"column":21},"end":{"line":65,"column":22}},"loc":{"start":{"line":65,"column":36},"end":{"line":69,"column":3}},"line":65},"10":{"name":"(anonymous_10)","decl":{"start":{"line":68,"column":24},"end":{"line":68,"column":25}},"loc":{"start":{"line":68,"column":36},"end":{"line":68,"column":52}},"line":68},"11":{"name":"(anonymous_11)","decl":{"start":{"line":71,"column":23},"end":{"line":71,"column":24}},"loc":{"start":{"line":71,"column":35},"end":{"line":73,"column":3}},"line":71},"12":{"name":"(anonymous_12)","decl":{"start":{"line":72,"column":24},"end":{"line":72,"column":25}},"loc":{"start":{"line":72,"column":36},"end":{"line":72,"column":52}},"line":72},"13":{"name":"(anonymous_13)","decl":{"start":{"line":119,"column":30},"end":{"line":119,"column":31}},"loc":{"start":{"line":120,"column":22},"end":{"line":142,"column":33}},"line":120},"14":{"name":"(anonymous_14)","decl":{"start":{"line":130,"column":37},"end":{"line":130,"column":38}},"loc":{"start":{"line":130,"column":43},"end":{"line":130,"column":72}},"line":130},"15":{"name":"(anonymous_15)","decl":{"start":{"line":139,"column":37},"end":{"line":139,"column":38}},"loc":{"start":{"line":139,"column":43},"end":{"line":139,"column":65}},"line":139}},"branchMap":{"0":{"loc":{"start":{"line":84,"column":23},"end":{"line":84,"column":58}},"type":"cond-expr","locations":[{"start":{"line":84,"column":42},"end":{"line":84,"column":49}},{"start":{"line":84,"column":52},"end":{"line":84,"column":58}}],"line":84},"1":{"loc":{"start":{"line":118,"column":19},"end":{"line":143,"column":22}},"type":"binary-expr","locations":[{"start":{"line":118,"column":19},"end":{"line":118,"column":24}},{"start":{"line":119,"column":20},"end":{"line":143,"column":22}}],"line":118}},"s":{"0":1,"1":1,"2":1,"3":1,"4":1,"5":0,"6":1,"7":0,"8":0,"9":0,"10":0,"11":1,"12":0,"13":0,"14":0,"15":0,"16":1,"17":0,"18":0,"19":0,"20":0,"21":1,"22":0,"23":0,"24":1,"25":0,"26":0,"27":0},"f":{"0":1,"1":1,"2":1,"3":0,"4":0,"5":0,"6":0,"7":0,"8":0,"9":0,"10":0,"11":0,"12":0,"13":0,"14":0,"15":0},"b":{"0":[1,0],"1":[1,0]},"_coverageSchema":"1a1c01bbd47fc00a2c39e90264f33305004495a9","hash":"07d4c1ef5d3aaae49aa5531586a245eca5299dc6"}
,"D:\\YMainProject\\froentend\\src\\component\\Reporter\\AddNews.js": {"path":"D:\\YMainProject\\froentend\\src\\component\\Reporter\\AddNews.js","statementMap":{"0":{"start":{"line":9,"column":27},"end":{"line":15,"column":3}},"1":{"start":{"line":17,"column":13},"end":{"line":17,"column":43}},"2":{"start":{"line":18,"column":10},"end":{"line":18,"column":26}},"3":{"start":{"line":20,"column":26},"end":{"line":20,"column":38}},"4":{"start":{"line":21,"column":34},"end":{"line":21,"column":46}},"5":{"start":{"line":22,"column":24},"end":{"line":22,"column":36}},"6":{"start":{"line":23,"column":26},"end":{"line":23,"column":52}},"7":{"start":{"line":24,"column":36},"end":{"line":24,"column":51}},"8":{"start":{"line":26,"column":28},"end":{"line":29,"column":3}},"9":{"start":{"line":27,"column":28},"end":{"line":27,"column":40}},"10":{"start":{"line":28,"column":4},"end":{"line":28,"column":39}},"11":{"start":{"line":31,"column":25},"end":{"line":34,"column":3}},"12":{"start":{"line":32,"column":17},"end":{"line":32,"column":33}},"13":{"start":{"line":33,"column":4},"end":{"line":33,"column":16}},"14":{"start":{"line":36,"column":19},"end":{"line":39,"column":3}},"15":{"start":{"line":37,"column":4},"end":{"line":37,"column":34}},"16":{"start":{"line":38,"column":4},"end":{"line":38,"column":43}},"17":{"start":{"line":41,"column":19},"end":{"line":68,"column":3}},"18":{"start":{"line":42,"column":4},"end":{"line":42,"column":26}},"19":{"start":{"line":43,"column":19},"end":{"line":43,"column":33}},"20":{"start":{"line":45,"column":4},"end":{"line":45,"column":48}},"21":{"start":{"line":46,"column":4},"end":{"line":46,"column":32}},"22":{"start":{"line":47,"column":4},"end":{"line":47,"column":38}},"23":{"start":{"line":48,"column":4},"end":{"line":48,"column":38}},"24":{"start":{"line":49,"column":4},"end":{"line":49,"column":33}},"25":{"start":{"line":50,"column":4},"end":{"line":50,"column":32}},"26":{"start":{"line":52,"column":4},"end":{"line":67,"column":8}},"27":{"start":{"line":54,"column":8},"end":{"line":60,"column":10}},"28":{"start":{"line":62,"column":8},"end":{"line":62,"column":26}},"29":{"start":{"line":70,"column":22},"end":{"line":73,"column":3}},"30":{"start":{"line":71,"column":4},"end":{"line":71,"column":29}},"31":{"start":{"line":72,"column":4},"end":{"line":72,"column":23}},"32":{"start":{"line":75,"column":2},"end":{"line":131,"column":3}},"33":{"start":{"line":126,"column":32},"end":{"line":126,"column":47}}},"fnMap":{"0":{"name":"AddNews","decl":{"start":{"line":8,"column":16},"end":{"line":8,"column":23}},"loc":{"start":{"line":8,"column":26},"end":{"line":132,"column":1}},"line":8},"1":{"name":"(anonymous_1)","decl":{"start":{"line":26,"column":28},"end":{"line":26,"column":29}},"loc":{"start":{"line":26,"column":39},"end":{"line":29,"column":3}},"line":26},"2":{"name":"(anonymous_2)","decl":{"start":{"line":31,"column":25},"end":{"line":31,"column":26}},"loc":{"start":{"line":31,"column":44},"end":{"line":34,"column":3}},"line":31},"3":{"name":"(anonymous_3)","decl":{"start":{"line":36,"column":19},"end":{"line":36,"column":20}},"loc":{"start":{"line":36,"column":30},"end":{"line":39,"column":3}},"line":36},"4":{"name":"(anonymous_4)","decl":{"start":{"line":41,"column":19},"end":{"line":41,"column":20}},"loc":{"start":{"line":41,"column":36},"end":{"line":68,"column":3}},"line":41},"5":{"name":"(anonymous_5)","decl":{"start":{"line":53,"column":12},"end":{"line":53,"column":13}},"loc":{"start":{"line":53,"column":26},"end":{"line":63,"column":7}},"line":53},"6":{"name":"(anonymous_6)","decl":{"start":{"line":64,"column":13},"end":{"line":64,"column":14}},"loc":{"start":{"line":64,"column":20},"end":{"line":67,"column":7}},"line":64},"7":{"name":"(anonymous_7)","decl":{"start":{"line":70,"column":22},"end":{"line":70,"column":23}},"loc":{"start":{"line":70,"column":33},"end":{"line":73,"column":3}},"line":70},"8":{"name":"(anonymous_8)","decl":{"start":{"line":126,"column":21},"end":{"line":126,"column":22}},"loc":{"start":{"line":126,"column":32},"end":{"line":126,"column":47}},"line":126}},"branchMap":{"0":{"loc":{"start":{"line":77,"column":7},"end":{"line":129,"column":7}},"type":"cond-expr","locations":[{"start":{"line":78,"column":8},"end":{"line":81,"column":14}},{"start":{"line":83,"column":8},"end":{"line":128,"column":14}}],"line":77}},"s":{"0":4,"1":4,"2":4,"3":4,"4":4,"5":4,"6":4,"7":4,"8":4,"9":2,"10":2,"11":4,"12":0,"13":0,"14":4,"15":0,"16":0,"17":4,"18":0,"19":0,"20":0,"21":0,"22":0,"23":0,"24":0,"25":0,"26":0,"27":0,"28":0,"29":4,"30":0,"31":0,"32":4,"33":0},"f":{"0":4,"1":2,"2":0,"3":0,"4":0,"5":0,"6":0,"7":0,"8":0},"b":{"0":[0,4]},"_coverageSchema":"1a1c01bbd47fc00a2c39e90264f33305004495a9","hash":"4b33852a325fea1153951cadfeda30820bbe6843"}
,"D:\\YMainProject\\froentend\\src\\component\\User\\Home.js": {"path":"D:\\YMainProject\\froentend\\src\\component\\User\\Home.js","statementMap":{"0":{"start":{"line":20,"column":18},"end":{"line":20,"column":39}},"1":{"start":{"line":21,"column":40},"end":{"line":21,"column":52}},"2":{"start":{"line":22,"column":28},"end":{"line":22,"column":45}},"3":{"start":{"line":23,"column":30},"end":{"line":23,"column":40}},"4":{"start":{"line":24,"column":26},"end":{"line":24,"column":36}},"5":{"start":{"line":25,"column":32},"end":{"line":25,"column":42}},"6":{"start":{"line":26,"column":15},"end":{"line":26,"column":44}},"7":{"start":{"line":27,"column":2},"end":{"line":31,"column":8}},"8":{"start":{"line":28,"column":4},"end":{"line":28,"column":18}},"9":{"start":{"line":29,"column":4},"end":{"line":29,"column":12}},"10":{"start":{"line":30,"column":4},"end":{"line":30,"column":16}},"11":{"start":{"line":33,"column":17},"end":{"line":43,"column":3}},"12":{"start":{"line":34,"column":4},"end":{"line":42,"column":8}},"13":{"start":{"line":36,"column":8},"end":{"line":36,"column":33}},"14":{"start":{"line":39,"column":8},"end":{"line":41,"column":9}},"15":{"start":{"line":40,"column":10},"end":{"line":40,"column":26}},"16":{"start":{"line":45,"column":21},"end":{"line":55,"column":3}},"17":{"start":{"line":46,"column":4},"end":{"line":54,"column":8}},"18":{"start":{"line":48,"column":8},"end":{"line":48,"column":32}},"19":{"start":{"line":51,"column":8},"end":{"line":53,"column":9}},"20":{"start":{"line":52,"column":10},"end":{"line":52,"column":26}},"21":{"start":{"line":57,"column":30},"end":{"line":60,"column":3}},"22":{"start":{"line":58,"column":24},"end":{"line":58,"column":38}},"23":{"start":{"line":59,"column":4},"end":{"line":59,"column":31}},"24":{"start":{"line":64,"column":23},"end":{"line":74,"column":3}},"25":{"start":{"line":65,"column":4},"end":{"line":73,"column":8}},"26":{"start":{"line":67,"column":8},"end":{"line":67,"column":30}},"27":{"start":{"line":70,"column":8},"end":{"line":72,"column":9}},"28":{"start":{"line":71,"column":10},"end":{"line":71,"column":26}},"29":{"start":{"line":76,"column":22},"end":{"line":87,"column":3}},"30":{"start":{"line":77,"column":15},"end":{"line":79,"column":5}},"31":{"start":{"line":80,"column":4},"end":{"line":86,"column":8}},"32":{"start":{"line":82,"column":8},"end":{"line":82,"column":30}},"33":{"start":{"line":85,"column":8},"end":{"line":85,"column":22}},"34":{"start":{"line":89,"column":33},"end":{"line":110,"column":3}},"35":{"start":{"line":90,"column":4},"end":{"line":109,"column":5}},"36":{"start":{"line":91,"column":6},"end":{"line":98,"column":10}},"37":{"start":{"line":93,"column":10},"end":{"line":93,"column":26}},"38":{"start":{"line":94,"column":10},"end":{"line":94,"column":32}},"39":{"start":{"line":97,"column":10},"end":{"line":97,"column":24}},"40":{"start":{"line":100,"column":6},"end":{"line":108,"column":10}},"41":{"start":{"line":102,"column":10},"end":{"line":102,"column":26}},"42":{"start":{"line":103,"column":10},"end":{"line":103,"column":32}},"43":{"start":{"line":104,"column":10},"end":{"line":104,"column":36}},"44":{"start":{"line":107,"column":10},"end":{"line":107,"column":24}},"45":{"start":{"line":112,"column":2},"end":{"line":255,"column":3}},"46":{"start":{"line":117,"column":12},"end":{"line":160,"column":13}},"47":{"start":{"line":125,"column":44},"end":{"line":125,"column":60}},"48":{"start":{"line":149,"column":44},"end":{"line":149,"column":60}},"49":{"start":{"line":169,"column":14},"end":{"line":195,"column":20}},"50":{"start":{"line":182,"column":33},"end":{"line":182,"column":65}},"51":{"start":{"line":208,"column":16},"end":{"line":222,"column":23}},"52":{"start":{"line":211,"column":35},"end":{"line":211,"column":61}},"53":{"start":{"line":233,"column":16},"end":{"line":249,"column":23}},"54":{"start":{"line":238,"column":35},"end":{"line":238,"column":61}}},"fnMap":{"0":{"name":"Home","decl":{"start":{"line":19,"column":16},"end":{"line":19,"column":20}},"loc":{"start":{"line":19,"column":23},"end":{"line":256,"column":1}},"line":19},"1":{"name":"(anonymous_1)","decl":{"start":{"line":27,"column":12},"end":{"line":27,"column":13}},"loc":{"start":{"line":27,"column":18},"end":{"line":31,"column":3}},"line":27},"2":{"name":"(anonymous_2)","decl":{"start":{"line":33,"column":17},"end":{"line":33,"column":18}},"loc":{"start":{"line":33,"column":23},"end":{"line":43,"column":3}},"line":33},"3":{"name":"(anonymous_3)","decl":{"start":{"line":35,"column":12},"end":{"line":35,"column":13}},"loc":{"start":{"line":35,"column":26},"end":{"line":37,"column":7}},"line":35},"4":{"name":"(anonymous_4)","decl":{"start":{"line":38,"column":13},"end":{"line":38,"column":14}},"loc":{"start":{"line":38,"column":22},"end":{"line":42,"column":7}},"line":38},"5":{"name":"(anonymous_5)","decl":{"start":{"line":45,"column":21},"end":{"line":45,"column":22}},"loc":{"start":{"line":45,"column":27},"end":{"line":55,"column":3}},"line":45},"6":{"name":"(anonymous_6)","decl":{"start":{"line":47,"column":12},"end":{"line":47,"column":13}},"loc":{"start":{"line":47,"column":26},"end":{"line":49,"column":7}},"line":47},"7":{"name":"(anonymous_7)","decl":{"start":{"line":50,"column":13},"end":{"line":50,"column":14}},"loc":{"start":{"line":50,"column":22},"end":{"line":54,"column":7}},"line":50},"8":{"name":"(anonymous_8)","decl":{"start":{"line":57,"column":30},"end":{"line":57,"column":31}},"loc":{"start":{"line":57,"column":37},"end":{"line":60,"column":3}},"line":57},"9":{"name":"(anonymous_9)","decl":{"start":{"line":64,"column":23},"end":{"line":64,"column":24}},"loc":{"start":{"line":64,"column":29},"end":{"line":74,"column":3}},"line":64},"10":{"name":"(anonymous_10)","decl":{"start":{"line":66,"column":12},"end":{"line":66,"column":13}},"loc":{"start":{"line":66,"column":26},"end":{"line":68,"column":7}},"line":66},"11":{"name":"(anonymous_11)","decl":{"start":{"line":69,"column":13},"end":{"line":69,"column":14}},"loc":{"start":{"line":69,"column":22},"end":{"line":73,"column":7}},"line":69},"12":{"name":"(anonymous_12)","decl":{"start":{"line":76,"column":22},"end":{"line":76,"column":23}},"loc":{"start":{"line":76,"column":39},"end":{"line":87,"column":3}},"line":76},"13":{"name":"(anonymous_13)","decl":{"start":{"line":81,"column":12},"end":{"line":81,"column":13}},"loc":{"start":{"line":81,"column":26},"end":{"line":83,"column":7}},"line":81},"14":{"name":"(anonymous_14)","decl":{"start":{"line":84,"column":13},"end":{"line":84,"column":14}},"loc":{"start":{"line":84,"column":20},"end":{"line":86,"column":7}},"line":84},"15":{"name":"(anonymous_15)","decl":{"start":{"line":89,"column":33},"end":{"line":89,"column":34}},"loc":{"start":{"line":89,"column":39},"end":{"line":110,"column":3}},"line":89},"16":{"name":"(anonymous_16)","decl":{"start":{"line":92,"column":14},"end":{"line":92,"column":15}},"loc":{"start":{"line":92,"column":28},"end":{"line":95,"column":9}},"line":92},"17":{"name":"(anonymous_17)","decl":{"start":{"line":96,"column":15},"end":{"line":96,"column":16}},"loc":{"start":{"line":96,"column":22},"end":{"line":98,"column":9}},"line":96},"18":{"name":"(anonymous_18)","decl":{"start":{"line":101,"column":14},"end":{"line":101,"column":15}},"loc":{"start":{"line":101,"column":28},"end":{"line":105,"column":9}},"line":101},"19":{"name":"(anonymous_19)","decl":{"start":{"line":106,"column":15},"end":{"line":106,"column":16}},"loc":{"start":{"line":106,"column":22},"end":{"line":108,"column":9}},"line":106},"20":{"name":"(anonymous_20)","decl":{"start":{"line":116,"column":11},"end":{"line":116,"column":12}},"loc":{"start":{"line":117,"column":12},"end":{"line":160,"column":13}},"line":117},"21":{"name":"(anonymous_21)","decl":{"start":{"line":125,"column":28},"end":{"line":125,"column":29}},"loc":{"start":{"line":125,"column":44},"end":{"line":125,"column":60}},"line":125},"22":{"name":"(anonymous_22)","decl":{"start":{"line":149,"column":28},"end":{"line":149,"column":29}},"loc":{"start":{"line":149,"column":44},"end":{"line":149,"column":60}},"line":149},"23":{"name":"(anonymous_23)","decl":{"start":{"line":168,"column":24},"end":{"line":168,"column":25}},"loc":{"start":{"line":169,"column":14},"end":{"line":195,"column":20}},"line":169},"24":{"name":"(anonymous_24)","decl":{"start":{"line":182,"column":27},"end":{"line":182,"column":28}},"loc":{"start":{"line":182,"column":33},"end":{"line":182,"column":65}},"line":182},"25":{"name":"(anonymous_25)","decl":{"start":{"line":207,"column":25},"end":{"line":207,"column":26}},"loc":{"start":{"line":208,"column":16},"end":{"line":222,"column":23}},"line":208},"26":{"name":"(anonymous_26)","decl":{"start":{"line":211,"column":29},"end":{"line":211,"column":30}},"loc":{"start":{"line":211,"column":35},"end":{"line":211,"column":61}},"line":211},"27":{"name":"(anonymous_27)","decl":{"start":{"line":232,"column":23},"end":{"line":232,"column":24}},"loc":{"start":{"line":233,"column":16},"end":{"line":249,"column":23}},"line":233},"28":{"name":"(anonymous_28)","decl":{"start":{"line":238,"column":29},"end":{"line":238,"column":30}},"loc":{"start":{"line":238,"column":35},"end":{"line":238,"column":61}},"line":238}},"branchMap":{"0":{"loc":{"start":{"line":39,"column":8},"end":{"line":41,"column":9}},"type":"if","locations":[{"start":{"line":39,"column":8},"end":{"line":41,"column":9}},{"start":{"line":39,"column":8},"end":{"line":41,"column":9}}],"line":39},"1":{"loc":{"start":{"line":51,"column":8},"end":{"line":53,"column":9}},"type":"if","locations":[{"start":{"line":51,"column":8},"end":{"line":53,"column":9}},{"start":{"line":51,"column":8},"end":{"line":53,"column":9}}],"line":51},"2":{"loc":{"start":{"line":70,"column":8},"end":{"line":72,"column":9}},"type":"if","locations":[{"start":{"line":70,"column":8},"end":{"line":72,"column":9}},{"start":{"line":70,"column":8},"end":{"line":72,"column":9}}],"line":70},"3":{"loc":{"start":{"line":90,"column":4},"end":{"line":109,"column":5}},"type":"if","locations":[{"start":{"line":90,"column":4},"end":{"line":109,"column":5}},{"start":{"line":90,"column":4},"end":{"line":109,"column":5}}],"line":90},"4":{"loc":{"start":{"line":117,"column":12},"end":{"line":160,"column":13}},"type":"cond-expr","locations":[{"start":{"line":118,"column":14},"end":{"line":135,"column":20}},{"start":{"line":137,"column":14},"end":{"line":159,"column":20}}],"line":117},"5":{"loc":{"start":{"line":167,"column":11},"end":{"line":196,"column":14}},"type":"binary-expr","locations":[{"start":{"line":167,"column":11},"end":{"line":167,"column":18}},{"start":{"line":168,"column":12},"end":{"line":196,"column":14}}],"line":167},"6":{"loc":{"start":{"line":171,"column":36},"end":{"line":171,"column":54}},"type":"binary-expr","locations":[{"start":{"line":171,"column":36},"end":{"line":171,"column":40}},{"start":{"line":171,"column":44},"end":{"line":171,"column":54}}],"line":171},"7":{"loc":{"start":{"line":206,"column":13},"end":{"line":223,"column":16}},"type":"binary-expr","locations":[{"start":{"line":206,"column":13},"end":{"line":206,"column":19}},{"start":{"line":207,"column":14},"end":{"line":223,"column":16}}],"line":206},"8":{"loc":{"start":{"line":231,"column":13},"end":{"line":250,"column":16}},"type":"binary-expr","locations":[{"start":{"line":231,"column":13},"end":{"line":231,"column":17}},{"start":{"line":232,"column":14},"end":{"line":250,"column":16}}],"line":231},"9":{"loc":{"start":{"line":234,"column":43},"end":{"line":234,"column":55}},"type":"binary-expr","locations":[{"start":{"line":234,"column":43},"end":{"line":234,"column":44}},{"start":{"line":234,"column":48},"end":{"line":234,"column":55}}],"line":234}},"s":{"0":4,"1":4,"2":3,"3":3,"4":3,"5":3,"6":3,"7":3,"8":2,"9":2,"10":2,"11":3,"12":2,"13":0,"14":0,"15":0,"16":3,"17":2,"18":0,"19":0,"20":0,"21":3,"22":1,"23":1,"24":3,"25":2,"26":0,"27":0,"28":0,"29":3,"30":0,"31":0,"32":0,"33":0,"34":3,"35":0,"36":0,"37":0,"38":0,"39":0,"40":0,"41":0,"42":0,"43":0,"44":0,"45":3,"46":3,"47":0,"48":0,"49":0,"50":0,"51":0,"52":0,"53":0,"54":0},"f":{"0":4,"1":2,"2":2,"3":0,"4":0,"5":2,"6":0,"7":0,"8":1,"9":2,"10":0,"11":0,"12":0,"13":0,"14":0,"15":0,"16":0,"17":0,"18":0,"19":0,"20":3,"21":0,"22":0,"23":0,"24":0,"25":0,"26":0,"27":0,"28":0},"b":{"0":[0,0],"1":[0,0],"2":[0,0],"3":[0,0],"4":[0,3],"5":[3,0],"6":[0,0],"7":[3,0],"8":[3,0],"9":[0,0]},"_coverageSchema":"1a1c01bbd47fc00a2c39e90264f33305004495a9","hash":"a14319cad10c0026bbc6c937d1f66aa44654cf0d"}
,"D:\\YMainProject\\froentend\\src\\component\\User\\Login.js": {"path":"D:\\YMainProject\\froentend\\src\\component\\User\\Login.js","statementMap":{"0":{"start":{"line":8,"column":24},"end":{"line":72,"column":1}},"1":{"start":{"line":9,"column":16},"end":{"line":9,"column":28}},"2":{"start":{"line":11,"column":28},"end":{"line":11,"column":65}},"3":{"start":{"line":12,"column":32},"end":{"line":12,"column":44}},"4":{"start":{"line":13,"column":21},"end":{"line":31,"column":3}},"5":{"start":{"line":14,"column":4},"end":{"line":14,"column":22}},"6":{"start":{"line":15,"column":14},"end":{"line":15,"column":35}},"7":{"start":{"line":16,"column":4},"end":{"line":16,"column":19}},"8":{"start":{"line":17,"column":15},"end":{"line":17,"column":45}},"9":{"start":{"line":18,"column":21},"end":{"line":18,"column":37}},"10":{"start":{"line":19,"column":4},"end":{"line":19,"column":27}},"11":{"start":{"line":20,"column":4},"end":{"line":30,"column":5}},"12":{"start":{"line":21,"column":6},"end":{"line":21,"column":21}},"13":{"start":{"line":23,"column":6},"end":{"line":29,"column":7}},"14":{"start":{"line":24,"column":8},"end":{"line":24,"column":26}},"15":{"start":{"line":25,"column":8},"end":{"line":25,"column":30}},"16":{"start":{"line":27,"column":8},"end":{"line":27,"column":26}},"17":{"start":{"line":28,"column":8},"end":{"line":28,"column":33}},"18":{"start":{"line":32,"column":2},"end":{"line":71,"column":3}},"19":{"start":{"line":38,"column":35},"end":{"line":38,"column":54}},"20":{"start":{"line":59,"column":16},"end":{"line":59,"column":39}}},"fnMap":{"0":{"name":"(anonymous_0)","decl":{"start":{"line":8,"column":24},"end":{"line":8,"column":25}},"loc":{"start":{"line":8,"column":35},"end":{"line":72,"column":1}},"line":8},"1":{"name":"(anonymous_1)","decl":{"start":{"line":13,"column":21},"end":{"line":13,"column":22}},"loc":{"start":{"line":13,"column":38},"end":{"line":31,"column":3}},"line":13},"2":{"name":"(anonymous_2)","decl":{"start":{"line":38,"column":20},"end":{"line":38,"column":21}},"loc":{"start":{"line":38,"column":35},"end":{"line":38,"column":54}},"line":38},"3":{"name":"(anonymous_3)","decl":{"start":{"line":58,"column":23},"end":{"line":58,"column":24}},"loc":{"start":{"line":58,"column":29},"end":{"line":60,"column":15}},"line":58}},"branchMap":{"0":{"loc":{"start":{"line":20,"column":4},"end":{"line":30,"column":5}},"type":"if","locations":[{"start":{"line":20,"column":4},"end":{"line":30,"column":5}},{"start":{"line":20,"column":4},"end":{"line":30,"column":5}}],"line":20},"1":{"loc":{"start":{"line":23,"column":6},"end":{"line":29,"column":7}},"type":"if","locations":[{"start":{"line":23,"column":6},"end":{"line":29,"column":7}},{"start":{"line":23,"column":6},"end":{"line":29,"column":7}}],"line":23},"2":{"loc":{"start":{"line":64,"column":9},"end":{"line":68,"column":9}},"type":"binary-expr","locations":[{"start":{"line":64,"column":9},"end":{"line":64,"column":16}},{"start":{"line":65,"column":10},"end":{"line":67,"column":16}}],"line":64}},"s":{"0":1,"1":5,"2":5,"3":5,"4":5,"5":0,"6":0,"7":0,"8":0,"9":0,"10":0,"11":0,"12":0,"13":0,"14":0,"15":0,"16":0,"17":0,"18":5,"19":2,"20":0},"f":{"0":5,"1":0,"2":2,"3":0},"b":{"0":[0,0],"1":[0,0],"2":[5,0]},"_coverageSchema":"1a1c01bbd47fc00a2c39e90264f33305004495a9","hash":"174b95840b5780e7b93f0069c7f6084dce9b8205"}
,"D:\\YMainProject\\froentend\\src\\component\\User\\News.js": {"path":"D:\\YMainProject\\froentend\\src\\component\\User\\News.js","statementMap":{"0":{"start":{"line":18,"column":26},"end":{"line":18,"column":36}},"1":{"start":{"line":19,"column":32},"end":{"line":19,"column":44}},"2":{"start":{"line":20,"column":28},"end":{"line":20,"column":40}},"3":{"start":{"line":21,"column":28},"end":{"line":21,"column":40}},"4":{"start":{"line":22,"column":28},"end":{"line":22,"column":43}},"5":{"start":{"line":23,"column":17},"end":{"line":23,"column":28}},"6":{"start":{"line":24,"column":2},"end":{"line":26,"column":8}},"7":{"start":{"line":25,"column":4},"end":{"line":25,"column":18}},"8":{"start":{"line":28,"column":23},"end":{"line":38,"column":3}},"9":{"start":{"line":29,"column":4},"end":{"line":37,"column":8}},"10":{"start":{"line":31,"column":8},"end":{"line":31,"column":30}},"11":{"start":{"line":34,"column":8},"end":{"line":36,"column":9}},"12":{"start":{"line":35,"column":10},"end":{"line":35,"column":19}},"13":{"start":{"line":40,"column":20},"end":{"line":57,"column":3}},"14":{"start":{"line":41,"column":17},"end":{"line":45,"column":5}},"15":{"start":{"line":47,"column":4},"end":{"line":55,"column":8}},"16":{"start":{"line":49,"column":8},"end":{"line":49,"column":49}},"17":{"start":{"line":52,"column":8},"end":{"line":54,"column":9}},"18":{"start":{"line":53,"column":10},"end":{"line":53,"column":19}},"19":{"start":{"line":56,"column":4},"end":{"line":56,"column":42}},"20":{"start":{"line":56,"column":21},"end":{"line":56,"column":35}},"21":{"start":{"line":59,"column":2},"end":{"line":160,"column":3}},"22":{"start":{"line":108,"column":31},"end":{"line":108,"column":46}},"23":{"start":{"line":114,"column":31},"end":{"line":114,"column":45}},"24":{"start":{"line":136,"column":44},"end":{"line":136,"column":60}},"25":{"start":{"line":143,"column":39},"end":{"line":143,"column":67}}},"fnMap":{"0":{"name":"News","decl":{"start":{"line":17,"column":16},"end":{"line":17,"column":20}},"loc":{"start":{"line":17,"column":23},"end":{"line":161,"column":1}},"line":17},"1":{"name":"(anonymous_1)","decl":{"start":{"line":24,"column":12},"end":{"line":24,"column":13}},"loc":{"start":{"line":24,"column":18},"end":{"line":26,"column":3}},"line":24},"2":{"name":"(anonymous_2)","decl":{"start":{"line":28,"column":23},"end":{"line":28,"column":24}},"loc":{"start":{"line":28,"column":29},"end":{"line":38,"column":3}},"line":28},"3":{"name":"(anonymous_3)","decl":{"start":{"line":30,"column":12},"end":{"line":30,"column":13}},"loc":{"start":{"line":30,"column":26},"end":{"line":32,"column":7}},"line":30},"4":{"name":"(anonymous_4)","decl":{"start":{"line":33,"column":13},"end":{"line":33,"column":14}},"loc":{"start":{"line":33,"column":22},"end":{"line":37,"column":7}},"line":33},"5":{"name":"(anonymous_5)","decl":{"start":{"line":40,"column":20},"end":{"line":40,"column":21}},"loc":{"start":{"line":40,"column":26},"end":{"line":57,"column":3}},"line":40},"6":{"name":"(anonymous_6)","decl":{"start":{"line":48,"column":12},"end":{"line":48,"column":13}},"loc":{"start":{"line":48,"column":26},"end":{"line":50,"column":7}},"line":48},"7":{"name":"(anonymous_7)","decl":{"start":{"line":51,"column":13},"end":{"line":51,"column":14}},"loc":{"start":{"line":51,"column":22},"end":{"line":55,"column":7}},"line":51},"8":{"name":"(anonymous_8)","decl":{"start":{"line":56,"column":15},"end":{"line":56,"column":16}},"loc":{"start":{"line":56,"column":21},"end":{"line":56,"column":35}},"line":56},"9":{"name":"(anonymous_9)","decl":{"start":{"line":108,"column":25},"end":{"line":108,"column":26}},"loc":{"start":{"line":108,"column":31},"end":{"line":108,"column":46}},"line":108},"10":{"name":"(anonymous_10)","decl":{"start":{"line":114,"column":25},"end":{"line":114,"column":26}},"loc":{"start":{"line":114,"column":31},"end":{"line":114,"column":45}},"line":114},"11":{"name":"(anonymous_11)","decl":{"start":{"line":136,"column":28},"end":{"line":136,"column":29}},"loc":{"start":{"line":136,"column":44},"end":{"line":136,"column":60}},"line":136},"12":{"name":"(anonymous_12)","decl":{"start":{"line":143,"column":28},"end":{"line":143,"column":29}},"loc":{"start":{"line":143,"column":39},"end":{"line":143,"column":67}},"line":143}},"branchMap":{"0":{"loc":{"start":{"line":34,"column":8},"end":{"line":36,"column":9}},"type":"if","locations":[{"start":{"line":34,"column":8},"end":{"line":36,"column":9}},{"start":{"line":34,"column":8},"end":{"line":36,"column":9}}],"line":34},"1":{"loc":{"start":{"line":52,"column":8},"end":{"line":54,"column":9}},"type":"if","locations":[{"start":{"line":52,"column":8},"end":{"line":54,"column":9}},{"start":{"line":52,"column":8},"end":{"line":54,"column":9}}],"line":52},"2":{"loc":{"start":{"line":64,"column":11},"end":{"line":64,"column":33}},"type":"binary-expr","locations":[{"start":{"line":64,"column":11},"end":{"line":64,"column":15}},{"start":{"line":64,"column":19},"end":{"line":64,"column":33}}],"line":64},"3":{"loc":{"start":{"line":66,"column":33},"end":{"line":66,"column":51}},"type":"binary-expr","locations":[{"start":{"line":66,"column":33},"end":{"line":66,"column":37}},{"start":{"line":66,"column":41},"end":{"line":66,"column":51}}],"line":66},"4":{"loc":{"start":{"line":94,"column":26},"end":{"line":94,"column":49}},"type":"binary-expr","locations":[{"start":{"line":94,"column":26},"end":{"line":94,"column":30}},{"start":{"line":94,"column":34},"end":{"line":94,"column":49}}],"line":94},"5":{"loc":{"start":{"line":95,"column":13},"end":{"line":95,"column":48}},"type":"binary-expr","locations":[{"start":{"line":95,"column":13},"end":{"line":95,"column":17}},{"start":{"line":95,"column":21},"end":{"line":95,"column":48}}],"line":95},"6":{"loc":{"start":{"line":100,"column":11},"end":{"line":100,"column":45}},"type":"binary-expr","locations":[{"start":{"line":100,"column":11},"end":{"line":100,"column":15}},{"start":{"line":100,"column":19},"end":{"line":100,"column":45}}],"line":100},"7":{"loc":{"start":{"line":104,"column":13},"end":{"line":116,"column":13}},"type":"cond-expr","locations":[{"start":{"line":105,"column":14},"end":{"line":109,"column":24}},{"start":{"line":111,"column":14},"end":{"line":115,"column":24}}],"line":104},"8":{"loc":{"start":{"line":119,"column":13},"end":{"line":123,"column":13}},"type":"binary-expr","locations":[{"start":{"line":119,"column":13},"end":{"line":119,"column":20}},{"start":{"line":120,"column":14},"end":{"line":122,"column":20}}],"line":119},"9":{"loc":{"start":{"line":124,"column":13},"end":{"line":155,"column":13}},"type":"cond-expr","locations":[{"start":{"line":125,"column":14},"end":{"line":152,"column":20}},{"start":{"line":154,"column":14},"end":{"line":154,"column":21}}],"line":124}},"s":{"0":1,"1":1,"2":1,"3":1,"4":1,"5":1,"6":1,"7":1,"8":1,"9":1,"10":0,"11":0,"12":0,"13":1,"14":0,"15":0,"16":0,"17":0,"18":0,"19":0,"20":0,"21":1,"22":0,"23":0,"24":0,"25":0},"f":{"0":1,"1":1,"2":1,"3":0,"4":0,"5":0,"6":0,"7":0,"8":0,"9":0,"10":0,"11":0,"12":0},"b":{"0":[0,0],"1":[0,0],"2":[1,0],"3":[1,0],"4":[1,0],"5":[1,0],"6":[1,0],"7":[0,1],"8":[1,0],"9":[0,1]},"_coverageSchema":"1a1c01bbd47fc00a2c39e90264f33305004495a9","hash":"05b577ca60e35cf188c55ed9a2f6a1cde7eb0701"}
,"D:\\YMainProject\\froentend\\src\\component\\User\\SignUp.js": {"path":"D:\\YMainProject\\froentend\\src\\component\\User\\SignUp.js","statementMap":{"0":{"start":{"line":26,"column":22},"end":{"line":225,"column":1}},"1":{"start":{"line":27,"column":16},"end":{"line":27,"column":28}},"2":{"start":{"line":28,"column":30},"end":{"line":28,"column":45}},"3":{"start":{"line":29,"column":32},"end":{"line":29,"column":44}},"4":{"start":{"line":30,"column":28},"end":{"line":38,"column":4}},"5":{"start":{"line":39,"column":21},"end":{"line":57,"column":3}},"6":{"start":{"line":40,"column":4},"end":{"line":40,"column":26}},"7":{"start":{"line":42,"column":14},"end":{"line":51,"column":5}},"8":{"start":{"line":52,"column":4},"end":{"line":52,"column":25}},"9":{"start":{"line":54,"column":14},"end":{"line":54,"column":37}},"10":{"start":{"line":55,"column":4},"end":{"line":55,"column":20}},"11":{"start":{"line":56,"column":4},"end":{"line":56,"column":19}},"12":{"start":{"line":59,"column":20},"end":{"line":65,"column":3}},"13":{"start":{"line":60,"column":36},"end":{"line":60,"column":41}},"14":{"start":{"line":61,"column":4},"end":{"line":64,"column":5}},"15":{"start":{"line":63,"column":6},"end":{"line":63,"column":37}},"16":{"start":{"line":67,"column":2},"end":{"line":224,"column":3}},"17":{"start":{"line":73,"column":35},"end":{"line":73,"column":54}},"18":{"start":{"line":130,"column":35},"end":{"line":130,"column":53}},"19":{"start":{"line":211,"column":18},"end":{"line":211,"column":40}}},"fnMap":{"0":{"name":"(anonymous_0)","decl":{"start":{"line":26,"column":22},"end":{"line":26,"column":23}},"loc":{"start":{"line":26,"column":28},"end":{"line":225,"column":1}},"line":26},"1":{"name":"(anonymous_1)","decl":{"start":{"line":39,"column":21},"end":{"line":39,"column":22}},"loc":{"start":{"line":39,"column":38},"end":{"line":57,"column":3}},"line":39},"2":{"name":"(anonymous_2)","decl":{"start":{"line":59,"column":20},"end":{"line":59,"column":21}},"loc":{"start":{"line":59,"column":26},"end":{"line":65,"column":3}},"line":59},"3":{"name":"(anonymous_3)","decl":{"start":{"line":73,"column":20},"end":{"line":73,"column":21}},"loc":{"start":{"line":73,"column":35},"end":{"line":73,"column":54}},"line":73},"4":{"name":"(anonymous_4)","decl":{"start":{"line":130,"column":29},"end":{"line":130,"column":30}},"loc":{"start":{"line":130,"column":35},"end":{"line":130,"column":53}},"line":130},"5":{"name":"(anonymous_5)","decl":{"start":{"line":210,"column":25},"end":{"line":210,"column":26}},"loc":{"start":{"line":210,"column":31},"end":{"line":212,"column":17}},"line":210}},"branchMap":{"0":{"loc":{"start":{"line":61,"column":4},"end":{"line":64,"column":5}},"type":"if","locations":[{"start":{"line":61,"column":4},"end":{"line":64,"column":5}},{"start":{"line":61,"column":4},"end":{"line":64,"column":5}}],"line":61},"1":{"loc":{"start":{"line":119,"column":28},"end":{"line":119,"column":56}},"type":"cond-expr","locations":[{"start":{"line":119,"column":37},"end":{"line":119,"column":43}},{"start":{"line":119,"column":46},"end":{"line":119,"column":56}}],"line":119},"2":{"loc":{"start":{"line":128,"column":22},"end":{"line":128,"column":78}},"type":"cond-expr","locations":[{"start":{"line":128,"column":31},"end":{"line":128,"column":53}},{"start":{"line":128,"column":56},"end":{"line":128,"column":78}}],"line":128},"3":{"loc":{"start":{"line":217,"column":9},"end":{"line":221,"column":9}},"type":"binary-expr","locations":[{"start":{"line":217,"column":9},"end":{"line":217,"column":16}},{"start":{"line":218,"column":10},"end":{"line":220,"column":16}}],"line":217}},"s":{"0":1,"1":15,"2":15,"3":15,"4":15,"5":15,"6":0,"7":0,"8":0,"9":0,"10":0,"11":0,"12":15,"13":0,"14":0,"15":0,"16":15,"17":7,"18":0,"19":0},"f":{"0":15,"1":0,"2":0,"3":7,"4":0,"5":0},"b":{"0":[0,0],"1":[0,15],"2":[0,15],"3":[15,0]},"_coverageSchema":"1a1c01bbd47fc00a2c39e90264f33305004495a9","hash":"88bd906833a7e3b20bca43459b8b207d0d478aa3"}
,"D:\\YMainProject\\froentend\\src\\component\\User\\StartFooter.js": {"path":"D:\\YMainProject\\froentend\\src\\component\\User\\StartFooter.js","statementMap":{"0":{"start":{"line":6,"column":28},"end":{"line":48,"column":1}},"1":{"start":{"line":7,"column":2},"end":{"line":47,"column":11}}},"fnMap":{"0":{"name":"(anonymous_0)","decl":{"start":{"line":6,"column":28},"end":{"line":6,"column":29}},"loc":{"start":{"line":7,"column":2},"end":{"line":47,"column":11}},"line":7}},"branchMap":{},"s":{"0":1,"1":1},"f":{"0":1},"b":{},"_coverageSchema":"1a1c01bbd47fc00a2c39e90264f33305004495a9","hash":"a89d9903e784b3ec6eaa4b78ec0ee999020fc926"}
,"D:\\YMainProject\\froentend\\src\\component\\User\\StartHeader.js": {"path":"D:\\YMainProject\\froentend\\src\\component\\User\\StartHeader.js","statementMap":{"0":{"start":{"line":17,"column":27},"end":{"line":99,"column":1}},"1":{"start":{"line":18,"column":15},"end":{"line":18,"column":57}},"2":{"start":{"line":20,"column":2},"end":{"line":24,"column":3}},"3":{"start":{"line":21,"column":4},"end":{"line":21,"column":20}},"4":{"start":{"line":26,"column":2},"end":{"line":98,"column":3}},"5":{"start":{"line":27,"column":4},"end":{"line":93,"column":5}},"6":{"start":{"line":38,"column":14},"end":{"line":88,"column":15}},"7":{"start":{"line":94,"column":9},"end":{"line":98,"column":3}},"8":{"start":{"line":95,"column":4},"end":{"line":95,"column":38}},"9":{"start":{"line":96,"column":9},"end":{"line":98,"column":3}},"10":{"start":{"line":97,"column":4},"end":{"line":97,"column":44}}},"fnMap":{"0":{"name":"(anonymous_0)","decl":{"start":{"line":17,"column":27},"end":{"line":17,"column":28}},"loc":{"start":{"line":17,"column":38},"end":{"line":99,"column":1}},"line":17},"1":{"name":"(anonymous_1)","decl":{"start":{"line":37,"column":13},"end":{"line":37,"column":14}},"loc":{"start":{"line":38,"column":14},"end":{"line":88,"column":15}},"line":38}},"branchMap":{"0":{"loc":{"start":{"line":20,"column":2},"end":{"line":24,"column":3}},"type":"if","locations":[{"start":{"line":20,"column":2},"end":{"line":24,"column":3}},{"start":{"line":20,"column":2},"end":{"line":24,"column":3}}],"line":20},"1":{"loc":{"start":{"line":26,"column":2},"end":{"line":98,"column":3}},"type":"if","locations":[{"start":{"line":26,"column":2},"end":{"line":98,"column":3}},{"start":{"line":26,"column":2},"end":{"line":98,"column":3}}],"line":26},"2":{"loc":{"start":{"line":38,"column":14},"end":{"line":88,"column":15}},"type":"cond-expr","locations":[{"start":{"line":39,"column":16},"end":{"line":75,"column":18}},{"start":{"line":77,"column":16},"end":{"line":87,"column":22}}],"line":38},"3":{"loc":{"start":{"line":94,"column":9},"end":{"line":98,"column":3}},"type":"if","locations":[{"start":{"line":94,"column":9},"end":{"line":98,"column":3}},{"start":{"line":94,"column":9},"end":{"line":98,"column":3}}],"line":94},"4":{"loc":{"start":{"line":94,"column":13},"end":{"line":94,"column":56}},"type":"binary-expr","locations":[{"start":{"line":94,"column":13},"end":{"line":94,"column":36}},{"start":{"line":94,"column":40},"end":{"line":94,"column":56}}],"line":94},"5":{"loc":{"start":{"line":96,"column":9},"end":{"line":98,"column":3}},"type":"if","locations":[{"start":{"line":96,"column":9},"end":{"line":98,"column":3}},{"start":{"line":96,"column":9},"end":{"line":98,"column":3}}],"line":96},"6":{"loc":{"start":{"line":96,"column":13},"end":{"line":96,"column":59}},"type":"binary-expr","locations":[{"start":{"line":96,"column":13},"end":{"line":96,"column":36}},{"start":{"line":96,"column":40},"end":{"line":96,"column":59}}],"line":96}},"s":{"0":0,"1":0,"2":0,"3":0,"4":0,"5":0,"6":0,"7":0,"8":0,"9":0,"10":0},"f":{"0":0,"1":0},"b":{"0":[0,0],"1":[0,0],"2":[0,0],"3":[0,0],"4":[0,0],"5":[0,0],"6":[0,0]}}
}
