TN:
SF:src\component\Admin\AdminHeader.js
FN:17,AdminHeader
FN:20,(anonymous_1)
FN:37,(anonymous_2)
FNF:3
FNH:0
FNDA:0,AdminHeader
FNDA:0,(anonymous_1)
FNDA:0,(anonymous_2)
DA:18,0
DA:19,0
DA:20,0
DA:21,0
DA:23,0
DA:25,0
DA:27,0
DA:38,0
LF:8
LH:0
BRDA:38,0,0,0
BRDA:38,0,1,0
BRF:2
BRH:0
end_of_record
TN:
SF:src\component\Admin\FullNews.js
FN:29,(anonymous_0)
FN:37,(anonymous_1)
FN:38,news
FN:39,(anonymous_3)
FN:44,confirm
FN:51,(anonymous_5)
FN:57,(anonymous_6)
FN:64,(anonymous_7)
FN:70,(anonymous_8)
FN:106,(anonymous_9)
FN:117,(anonymous_10)
FNF:11
FNH:3
FNDA:2,(anonymous_0)
FNDA:1,(anonymous_1)
FNDA:1,news
FNDA:0,(anonymous_3)
FNDA:0,confirm
FNDA:0,(anonymous_5)
FNDA:0,(anonymous_6)
FNDA:0,(anonymous_7)
FNDA:0,(anonymous_8)
FNDA:0,(anonymous_9)
FNDA:0,(anonymous_10)
DA:29,1
DA:30,2
DA:31,1
DA:32,1
DA:33,1
DA:37,1
DA:39,1
DA:41,1
DA:45,0
DA:52,0
DA:58,0
DA:64,1
DA:65,0
DA:66,0
DA:67,0
DA:70,1
DA:71,0
DA:74,1
DA:106,0
DA:118,0
LF:20
LH:11
BRDA:75,0,0,1
BRDA:75,0,1,0
BRDA:93,1,0,1
BRDA:93,1,1,0
BRDA:96,2,0,1
BRDA:96,2,1,0
BRDA:99,3,0,1
BRDA:99,3,1,0
BRDA:116,4,0,1
BRDA:116,4,1,0
BRF:10
BRH:5
end_of_record
TN:
SF:src\component\Admin\MostReadNewsStat.js
FN:18,(anonymous_0)
FN:21,(anonymous_1)
FN:22,retrieveNews
FN:23,(anonymous_3)
FN:39,(anonymous_4)
FN:43,(anonymous_5)
FNF:6
FNH:3
FNDA:1,(anonymous_0)
FNDA:1,(anonymous_1)
FNDA:1,retrieveNews
FNDA:0,(anonymous_3)
FNDA:0,(anonymous_4)
FNDA:0,(anonymous_5)
DA:18,1
DA:19,1
DA:20,1
DA:21,1
DA:23,1
DA:25,1
DA:28,1
DA:39,0
DA:43,0
LF:9
LH:7
BRDA:31,0,0,1
BRDA:31,0,1,0
BRDA:39,1,0,1
BRDA:39,1,1,0
BRDA:43,2,0,1
BRDA:43,2,1,0
BRF:6
BRH:3
end_of_record
TN:
SF:src\component\Admin\UserRequests.js
FN:26,(anonymous_0)
FN:30,(anonymous_1)
FN:31,users
FN:32,(anonymous_3)
FN:37,confirm
FN:45,(anonymous_5)
FN:51,(anonymous_6)
FN:59,(anonymous_7)
FN:62,(anonymous_8)
FN:65,(anonymous_9)
FN:68,(anonymous_10)
FN:71,(anonymous_11)
FN:72,(anonymous_12)
FN:119,(anonymous_13)
FN:130,(anonymous_14)
FN:139,(anonymous_15)
FNF:16
FNH:3
FNDA:1,(anonymous_0)
FNDA:1,(anonymous_1)
FNDA:1,users
FNDA:0,(anonymous_3)
FNDA:0,confirm
FNDA:0,(anonymous_5)
FNDA:0,(anonymous_6)
FNDA:0,(anonymous_7)
FNDA:0,(anonymous_8)
FNDA:0,(anonymous_9)
FNDA:0,(anonymous_10)
FNDA:0,(anonymous_11)
FNDA:0,(anonymous_12)
FNDA:0,(anonymous_13)
FNDA:0,(anonymous_14)
FNDA:0,(anonymous_15)
DA:26,1
DA:27,1
DA:28,1
DA:30,1
DA:32,1
DA:34,1
DA:38,0
DA:39,0
DA:46,0
DA:52,0
DA:59,1
DA:60,0
DA:61,0
DA:62,0
DA:65,1
DA:66,0
DA:67,0
DA:68,0
DA:71,1
DA:72,0
DA:75,1
DA:120,0
DA:130,0
DA:139,0
LF:24
LH:10
BRDA:84,0,0,1
BRDA:84,0,1,0
BRDA:118,1,0,1
BRDA:118,1,1,0
BRF:4
BRH:2
end_of_record
TN:
SF:src\component\Reporter\AddNews.js
FN:8,AddNews
FN:26,(anonymous_1)
FN:31,(anonymous_2)
FN:36,(anonymous_3)
FN:41,(anonymous_4)
FN:53,(anonymous_5)
FN:64,(anonymous_6)
FN:70,(anonymous_7)
FN:126,(anonymous_8)
FNF:9
FNH:2
FNDA:4,AddNews
FNDA:2,(anonymous_1)
FNDA:0,(anonymous_2)
FNDA:0,(anonymous_3)
FNDA:0,(anonymous_4)
FNDA:0,(anonymous_5)
FNDA:0,(anonymous_6)
FNDA:0,(anonymous_7)
FNDA:0,(anonymous_8)
DA:9,4
DA:17,4
DA:18,4
DA:20,4
DA:21,4
DA:22,4
DA:23,4
DA:24,4
DA:26,4
DA:27,2
DA:28,2
DA:31,4
DA:32,0
DA:33,0
DA:36,4
DA:37,0
DA:38,0
DA:41,4
DA:42,0
DA:43,0
DA:45,0
DA:46,0
DA:47,0
DA:48,0
DA:49,0
DA:50,0
DA:52,0
DA:54,0
DA:62,0
DA:70,4
DA:71,0
DA:72,0
DA:75,4
DA:126,0
LF:34
LH:16
BRDA:77,0,0,0
BRDA:77,0,1,4
BRF:2
BRH:1
end_of_record
TN:
SF:src\component\User\Home.js
FN:19,Home
FN:27,(anonymous_1)
FN:33,(anonymous_2)
FN:35,(anonymous_3)
FN:38,(anonymous_4)
FN:45,(anonymous_5)
FN:47,(anonymous_6)
FN:50,(anonymous_7)
FN:57,(anonymous_8)
FN:64,(anonymous_9)
FN:66,(anonymous_10)
FN:69,(anonymous_11)
FN:76,(anonymous_12)
FN:81,(anonymous_13)
FN:84,(anonymous_14)
FN:89,(anonymous_15)
FN:92,(anonymous_16)
FN:96,(anonymous_17)
FN:101,(anonymous_18)
FN:106,(anonymous_19)
FN:116,(anonymous_20)
FN:125,(anonymous_21)
FN:149,(anonymous_22)
FN:168,(anonymous_23)
FN:182,(anonymous_24)
FN:207,(anonymous_25)
FN:211,(anonymous_26)
FN:232,(anonymous_27)
FN:238,(anonymous_28)
FNF:29
FNH:7
FNDA:4,Home
FNDA:2,(anonymous_1)
FNDA:2,(anonymous_2)
FNDA:0,(anonymous_3)
FNDA:0,(anonymous_4)
FNDA:2,(anonymous_5)
FNDA:0,(anonymous_6)
FNDA:0,(anonymous_7)
FNDA:1,(anonymous_8)
FNDA:2,(anonymous_9)
FNDA:0,(anonymous_10)
FNDA:0,(anonymous_11)
FNDA:0,(anonymous_12)
FNDA:0,(anonymous_13)
FNDA:0,(anonymous_14)
FNDA:0,(anonymous_15)
FNDA:0,(anonymous_16)
FNDA:0,(anonymous_17)
FNDA:0,(anonymous_18)
FNDA:0,(anonymous_19)
FNDA:3,(anonymous_20)
FNDA:0,(anonymous_21)
FNDA:0,(anonymous_22)
FNDA:0,(anonymous_23)
FNDA:0,(anonymous_24)
FNDA:0,(anonymous_25)
FNDA:0,(anonymous_26)
FNDA:0,(anonymous_27)
FNDA:0,(anonymous_28)
DA:20,4
DA:21,4
DA:22,3
DA:23,3
DA:24,3
DA:25,3
DA:26,3
DA:27,3
DA:28,2
DA:29,2
DA:30,2
DA:33,3
DA:34,2
DA:36,0
DA:39,0
DA:40,0
DA:45,3
DA:46,2
DA:48,0
DA:51,0
DA:52,0
DA:57,3
DA:58,1
DA:59,1
DA:64,3
DA:65,2
DA:67,0
DA:70,0
DA:71,0
DA:76,3
DA:77,0
DA:80,0
DA:82,0
DA:85,0
DA:89,3
DA:90,0
DA:91,0
DA:93,0
DA:94,0
DA:97,0
DA:100,0
DA:102,0
DA:103,0
DA:104,0
DA:107,0
DA:112,3
DA:117,3
DA:125,0
DA:149,0
DA:169,0
DA:182,0
DA:208,0
DA:211,0
DA:233,0
DA:238,0
LF:55
LH:24
BRDA:39,0,0,0
BRDA:39,0,1,0
BRDA:51,1,0,0
BRDA:51,1,1,0
BRDA:70,2,0,0
BRDA:70,2,1,0
BRDA:90,3,0,0
BRDA:90,3,1,0
BRDA:117,4,0,0
BRDA:117,4,1,3
BRDA:167,5,0,3
BRDA:167,5,1,0
BRDA:171,6,0,0
BRDA:171,6,1,0
BRDA:206,7,0,3
BRDA:206,7,1,0
BRDA:231,8,0,3
BRDA:231,8,1,0
BRDA:234,9,0,0
BRDA:234,9,1,0
BRF:20
BRH:4
end_of_record
TN:
SF:src\component\User\Login.js
FN:8,(anonymous_0)
FN:13,(anonymous_1)
FN:38,(anonymous_2)
FN:58,(anonymous_3)
FNF:4
FNH:2
FNDA:5,(anonymous_0)
FNDA:0,(anonymous_1)
FNDA:2,(anonymous_2)
FNDA:0,(anonymous_3)
DA:8,1
DA:9,5
DA:11,5
DA:12,5
DA:13,5
DA:14,0
DA:15,0
DA:16,0
DA:17,0
DA:18,0
DA:19,0
DA:20,0
DA:21,0
DA:23,0
DA:24,0
DA:25,0
DA:27,0
DA:28,0
DA:32,5
DA:38,2
DA:59,0
LF:21
LH:7
BRDA:20,0,0,0
BRDA:20,0,1,0
BRDA:23,1,0,0
BRDA:23,1,1,0
BRDA:64,2,0,5
BRDA:64,2,1,0
BRF:6
BRH:1
end_of_record
TN:
SF:src\component\User\News.js
FN:17,News
FN:24,(anonymous_1)
FN:28,(anonymous_2)
FN:30,(anonymous_3)
FN:33,(anonymous_4)
FN:40,(anonymous_5)
FN:48,(anonymous_6)
FN:51,(anonymous_7)
FN:56,(anonymous_8)
FN:108,(anonymous_9)
FN:114,(anonymous_10)
FN:136,(anonymous_11)
FN:143,(anonymous_12)
FNF:13
FNH:3
FNDA:1,News
FNDA:1,(anonymous_1)
FNDA:1,(anonymous_2)
FNDA:0,(anonymous_3)
FNDA:0,(anonymous_4)
FNDA:0,(anonymous_5)
FNDA:0,(anonymous_6)
FNDA:0,(anonymous_7)
FNDA:0,(anonymous_8)
FNDA:0,(anonymous_9)
FNDA:0,(anonymous_10)
FNDA:0,(anonymous_11)
FNDA:0,(anonymous_12)
DA:18,1
DA:19,1
DA:20,1
DA:21,1
DA:22,1
DA:23,1
DA:24,1
DA:25,1
DA:28,1
DA:29,1
DA:31,0
DA:34,0
DA:35,0
DA:40,1
DA:41,0
DA:47,0
DA:49,0
DA:52,0
DA:53,0
DA:56,0
DA:59,1
DA:108,0
DA:114,0
DA:136,0
DA:143,0
LF:25
LH:12
BRDA:34,0,0,0
BRDA:34,0,1,0
BRDA:52,1,0,0
BRDA:52,1,1,0
BRDA:64,2,0,1
BRDA:64,2,1,0
BRDA:66,3,0,1
BRDA:66,3,1,0
BRDA:94,4,0,1
BRDA:94,4,1,0
BRDA:95,5,0,1
BRDA:95,5,1,0
BRDA:100,6,0,1
BRDA:100,6,1,0
BRDA:104,7,0,0
BRDA:104,7,1,1
BRDA:119,8,0,1
BRDA:119,8,1,0
BRDA:124,9,0,0
BRDA:124,9,1,1
BRF:20
BRH:8
end_of_record
TN:
SF:src\component\User\SignUp.js
FN:26,(anonymous_0)
FN:39,(anonymous_1)
FN:59,(anonymous_2)
FN:73,(anonymous_3)
FN:130,(anonymous_4)
FN:210,(anonymous_5)
FNF:6
FNH:2
FNDA:15,(anonymous_0)
FNDA:0,(anonymous_1)
FNDA:0,(anonymous_2)
FNDA:7,(anonymous_3)
FNDA:0,(anonymous_4)
FNDA:0,(anonymous_5)
DA:26,1
DA:27,15
DA:28,15
DA:29,15
DA:30,15
DA:39,15
DA:40,0
DA:42,0
DA:52,0
DA:54,0
DA:55,0
DA:56,0
DA:59,15
DA:60,0
DA:61,0
DA:63,0
DA:67,15
DA:73,7
DA:130,0
DA:211,0
LF:20
LH:9
BRDA:61,0,0,0
BRDA:61,0,1,0
BRDA:119,1,0,0
BRDA:119,1,1,15
BRDA:128,2,0,0
BRDA:128,2,1,15
BRDA:217,3,0,15
BRDA:217,3,1,0
BRF:8
BRH:3
end_of_record
TN:
SF:src\component\User\StartFooter.js
FN:6,(anonymous_0)
FNF:1
FNH:1
FNDA:1,(anonymous_0)
DA:6,1
DA:7,1
LF:2
LH:2
BRF:0
BRH:0
end_of_record
TN:
SF:src\component\User\StartHeader.js
FN:17,(anonymous_0)
FN:37,(anonymous_1)
FNF:2
FNH:0
FNDA:0,(anonymous_0)
FNDA:0,(anonymous_1)
DA:17,0
DA:18,0
DA:20,0
DA:21,0
DA:26,0
DA:27,0
DA:38,0
DA:94,0
DA:95,0
DA:96,0
DA:97,0
LF:11
LH:0
BRDA:20,0,0,0
BRDA:20,0,1,0
BRDA:26,1,0,0
BRDA:26,1,1,0
BRDA:38,2,0,0
BRDA:38,2,1,0
BRDA:94,3,0,0
BRDA:94,3,1,0
BRDA:94,4,0,0
BRDA:94,4,1,0
BRDA:96,5,0,0
BRDA:96,5,1,0
BRDA:96,6,0,0
BRDA:96,6,1,0
BRF:14
BRH:0
end_of_record
